Loading required package: ggplot2
Loading required package: pushoverr
Installing package into ‘/cis/home/jagterb1/R/x86_64-pc-linux-gnu-library/3.5’
(as ‘lib’ is unspecified)
also installing the dependencies ‘mime’, ‘openssl’, ‘httr’

  % Total    % Received % Xferd  Average Speed   Time    Time     Time  Current
                                 Dload  Upload   Total   Spent    Left  Speed
  0     0    0     0    0     0      0      0 --:--:-- --:--:-- --:--:--     0  0     0    0     0    0     0      0      0 --:--:-- --:--:-- --:--:--     0100 12634  100 12634    0     0  23141      0 --:--:-- --:--:-- --:--:-- 23139
  % Total    % Received % Xferd  Average Speed   Time    Time     Time  Current
                                 Dload  Upload   Total   Spent    Left  Speed
  0     0    0     0    0     0      0      0 --:--:-- --:--:-- --:--:--     0  0 1166k    0  2711    0     0   3758      0  0:05:17 --:--:--  0:05:17  3754100 1166k  100 1166k    0     0   956k      0  0:00:01  0:00:01 --:--:--  957k
  % Total    % Received % Xferd  Average Speed   Time    Time     Time  Current
                                 Dload  Upload   Total   Spent    Left  Speed
  0     0    0     0    0     0      0      0 --:--:-- --:--:-- --:--:--     0  0     0    0     0    0     0      0      0 --:--:-- --:--:-- --:--:--     0100  144k  100  144k    0     0   199k      0 --:--:-- --:--:-- --:--:--  199k
  % Total    % Received % Xferd  Average Speed   Time    Time     Time  Current
                                 Dload  Upload   Total   Spent    Left  Speed
  0     0    0     0    0     0      0      0 --:--:-- --:--:-- --:--:--     0 16 21303   16  3557    0     0   4240      0  0:00:05 --:--:--  0:00:05  4239100 21303  100 21303    0     0  23229      0 --:--:-- --:--:-- --:--:-- 23231
* installing *source* package ‘mime’ ...
** package ‘mime’ successfully unpacked and MD5 sums checked
** libs
gcc -std=gnu99 -I/opt/microsoft/ropen/3.5.1/lib64/R/include -DNDEBUG   -DU_STATIC_IMPLEMENTATION   -fpic  -DU_STATIC_IMPLEMENTATION -O2 -g  -c rawmatch.c -o rawmatch.o
gcc -std=gnu99 -shared -L/opt/microsoft/ropen/3.5.1/lib64/R/lib -o mime.so rawmatch.o -L/opt/microsoft/ropen/3.5.1/lib64/R/lib -lR
installing to /cis/home/jagterb1/R/x86_64-pc-linux-gnu-library/3.5/mime/libs
** R
** byte-compile and prepare package for lazy loading
** help
*** installing help indices
** building package indices
** testing if installed package can be loaded
* DONE (mime)
* installing *source* package ‘openssl’ ...
** package ‘openssl’ successfully unpacked and MD5 sums checked
Found pkg-config cflags and libs!
Using PKG_CFLAGS=
Using PKG_LIBS=-l:libssl.so.1.0.0 -l:libcrypto.so.1.0.0
** libs
rm -f aes.o base64.o bignum.o cert.o compatibility.o diffie.o envelope.o error.o hash.o info.o keygen.o keys.o onload.o openssh.o password.o pem.o pkcs12.o pkcs7.o rand.o rsa.o signing.o ssl.o stream.o write.o openssl.so
gcc -std=gnu99 -I/opt/microsoft/ropen/3.5.1/lib64/R/include -DNDEBUG   -DU_STATIC_IMPLEMENTATION   -fpic  -DU_STATIC_IMPLEMENTATION -O2 -g  -c aes.c -o aes.o
gcc -std=gnu99 -I/opt/microsoft/ropen/3.5.1/lib64/R/include -DNDEBUG   -DU_STATIC_IMPLEMENTATION   -fpic  -DU_STATIC_IMPLEMENTATION -O2 -g  -c base64.c -o base64.o
gcc -std=gnu99 -I/opt/microsoft/ropen/3.5.1/lib64/R/include -DNDEBUG   -DU_STATIC_IMPLEMENTATION   -fpic  -DU_STATIC_IMPLEMENTATION -O2 -g  -c bignum.c -o bignum.o
gcc -std=gnu99 -I/opt/microsoft/ropen/3.5.1/lib64/R/include -DNDEBUG   -DU_STATIC_IMPLEMENTATION   -fpic  -DU_STATIC_IMPLEMENTATION -O2 -g  -c cert.c -o cert.o
gcc -std=gnu99 -I/opt/microsoft/ropen/3.5.1/lib64/R/include -DNDEBUG   -DU_STATIC_IMPLEMENTATION   -fpic  -DU_STATIC_IMPLEMENTATION -O2 -g  -c compatibility.c -o compatibility.o
gcc -std=gnu99 -I/opt/microsoft/ropen/3.5.1/lib64/R/include -DNDEBUG   -DU_STATIC_IMPLEMENTATION   -fpic  -DU_STATIC_IMPLEMENTATION -O2 -g  -c diffie.c -o diffie.o
gcc -std=gnu99 -I/opt/microsoft/ropen/3.5.1/lib64/R/include -DNDEBUG   -DU_STATIC_IMPLEMENTATION   -fpic  -DU_STATIC_IMPLEMENTATION -O2 -g  -c envelope.c -o envelope.o
gcc -std=gnu99 -I/opt/microsoft/ropen/3.5.1/lib64/R/include -DNDEBUG   -DU_STATIC_IMPLEMENTATION   -fpic  -DU_STATIC_IMPLEMENTATION -O2 -g  -c error.c -o error.o
gcc -std=gnu99 -I/opt/microsoft/ropen/3.5.1/lib64/R/include -DNDEBUG   -DU_STATIC_IMPLEMENTATION   -fpic  -DU_STATIC_IMPLEMENTATION -O2 -g  -c hash.c -o hash.o
gcc -std=gnu99 -I/opt/microsoft/ropen/3.5.1/lib64/R/include -DNDEBUG   -DU_STATIC_IMPLEMENTATION   -fpic  -DU_STATIC_IMPLEMENTATION -O2 -g  -c info.c -o info.o
gcc -std=gnu99 -I/opt/microsoft/ropen/3.5.1/lib64/R/include -DNDEBUG   -DU_STATIC_IMPLEMENTATION   -fpic  -DU_STATIC_IMPLEMENTATION -O2 -g  -c keygen.c -o keygen.o
gcc -std=gnu99 -I/opt/microsoft/ropen/3.5.1/lib64/R/include -DNDEBUG   -DU_STATIC_IMPLEMENTATION   -fpic  -DU_STATIC_IMPLEMENTATION -O2 -g  -c keys.c -o keys.o
gcc -std=gnu99 -I/opt/microsoft/ropen/3.5.1/lib64/R/include -DNDEBUG   -DU_STATIC_IMPLEMENTATION   -fpic  -DU_STATIC_IMPLEMENTATION -O2 -g  -c onload.c -o onload.o
gcc -std=gnu99 -I/opt/microsoft/ropen/3.5.1/lib64/R/include -DNDEBUG   -DU_STATIC_IMPLEMENTATION   -fpic  -DU_STATIC_IMPLEMENTATION -O2 -g  -c openssh.c -o openssh.o
gcc -std=gnu99 -I/opt/microsoft/ropen/3.5.1/lib64/R/include -DNDEBUG   -DU_STATIC_IMPLEMENTATION   -fpic  -DU_STATIC_IMPLEMENTATION -O2 -g  -c password.c -o password.o
gcc -std=gnu99 -I/opt/microsoft/ropen/3.5.1/lib64/R/include -DNDEBUG   -DU_STATIC_IMPLEMENTATION   -fpic  -DU_STATIC_IMPLEMENTATION -O2 -g  -c pem.c -o pem.o
gcc -std=gnu99 -I/opt/microsoft/ropen/3.5.1/lib64/R/include -DNDEBUG   -DU_STATIC_IMPLEMENTATION   -fpic  -DU_STATIC_IMPLEMENTATION -O2 -g  -c pkcs12.c -o pkcs12.o
gcc -std=gnu99 -I/opt/microsoft/ropen/3.5.1/lib64/R/include -DNDEBUG   -DU_STATIC_IMPLEMENTATION   -fpic  -DU_STATIC_IMPLEMENTATION -O2 -g  -c pkcs7.c -o pkcs7.o
gcc -std=gnu99 -I/opt/microsoft/ropen/3.5.1/lib64/R/include -DNDEBUG   -DU_STATIC_IMPLEMENTATION   -fpic  -DU_STATIC_IMPLEMENTATION -O2 -g  -c rand.c -o rand.o
gcc -std=gnu99 -I/opt/microsoft/ropen/3.5.1/lib64/R/include -DNDEBUG   -DU_STATIC_IMPLEMENTATION   -fpic  -DU_STATIC_IMPLEMENTATION -O2 -g  -c rsa.c -o rsa.o
gcc -std=gnu99 -I/opt/microsoft/ropen/3.5.1/lib64/R/include -DNDEBUG   -DU_STATIC_IMPLEMENTATION   -fpic  -DU_STATIC_IMPLEMENTATION -O2 -g  -c signing.c -o signing.o
gcc -std=gnu99 -I/opt/microsoft/ropen/3.5.1/lib64/R/include -DNDEBUG   -DU_STATIC_IMPLEMENTATION   -fpic  -DU_STATIC_IMPLEMENTATION -O2 -g  -c ssl.c -o ssl.o
gcc -std=gnu99 -I/opt/microsoft/ropen/3.5.1/lib64/R/include -DNDEBUG   -DU_STATIC_IMPLEMENTATION   -fpic  -DU_STATIC_IMPLEMENTATION -O2 -g  -c stream.c -o stream.o
gcc -std=gnu99 -I/opt/microsoft/ropen/3.5.1/lib64/R/include -DNDEBUG   -DU_STATIC_IMPLEMENTATION   -fpic  -DU_STATIC_IMPLEMENTATION -O2 -g  -c write.c -o write.o
gcc -std=gnu99 -shared -L/opt/microsoft/ropen/3.5.1/lib64/R/lib -o openssl.so aes.o base64.o bignum.o cert.o compatibility.o diffie.o envelope.o error.o hash.o info.o keygen.o keys.o onload.o openssh.o password.o pem.o pkcs12.o pkcs7.o rand.o rsa.o signing.o ssl.o stream.o write.o -l:libssl.so.1.0.0 -l:libcrypto.so.1.0.0 -L/opt/microsoft/ropen/3.5.1/lib64/R/lib -lR
installing to /cis/home/jagterb1/R/x86_64-pc-linux-gnu-library/3.5/openssl/libs
** R
** inst
** byte-compile and prepare package for lazy loading
** help
*** installing help indices
** building package indices
** installing vignettes
** testing if installed package can be loaded
* DONE (openssl)
* installing *source* package ‘httr’ ...
** package ‘httr’ successfully unpacked and MD5 sums checked
** R
** demo
** inst
** byte-compile and prepare package for lazy loading
** help
*** installing help indices
** building package indices
** installing vignettes
** testing if installed package can be loaded
* DONE (httr)
* installing *source* package ‘pushoverr’ ...
** package ‘pushoverr’ successfully unpacked and MD5 sums checked
** R
** preparing package for lazy loading
** help
*** installing help indices
** building package indices
** testing if installed package can be loaded
* DONE (pushoverr)

The downloaded source packages are in
	‘/tmp/RtmpJurIJa/downloaded_packages’
Warning message:
In library(package, lib.loc = lib.loc, character.only = TRUE, logical.return = TRUE,  :
  there is no package called ‘pushoverr’
[1] "Sourced C++ Code, beginning simulations..."
[1] "simulations for n = 500"
[1] "simulations for n = 1000"
[1] "simulations for n = 1500"

Execution halted
Loading required package: ggplot2
Loading required package: pushoverr
[1] "Sourced C++ Code, beginning simulations..."
[1] "simulations for n = 500"
[1] "simulations for n = 1000"
[1] "simulations for n = 1500"
[1] "simulations for n = 2000"
[1] "simulations for n = 2500"
[1] "simulations for n = 3000"
[1] "simulations for n = 3500"
[1] "simulations for n = 4000"
[1] "simulations for n = 4500"
[1] "simulations for n = 5000"
[1] "simulations for n = 5500"
[1] "simulations for n = 6000"
[1] "simulations for n = 6500"
[1] "simulations for n = 7000"
Loading required package: ggplot2
Loading required package: pushoverr
[1] "Sourced C++ Code, beginning simulations..."
[1] "simulations for n = 500"
[1] "simulations for n = 1000"
[1] "simulations for n = 1500"
[1] "simulations for n = 2000"
[1] "simulations for n = 2500"
[1] "simulations for n = 3000"
[1] "simulations for n = 3500"
[1] "simulations for n = 4000"
[1] "simulations for n = 4500"
[1] "simulations for n = 5000"
[1] "simulations for n = 5500"
[1] "simulations for n = 6000"
[1] "simulations for n = 6500"
[1] "simulations for n = 7000"
[1] "simulations for n = 7500"
[1] "simulations for n = 8000"
[1] "simulations for n = 8500"
[1] "simulations for n = 9000"
[1] "simulations for n = 9500"
[1] "simulations for n = 10000"
null device 
          1 
Error in curl::curl_fetch_memory(url, handle = handle) : 
  error setting certificate verify locations:
  CAfile: microsoft-r-cacert.pem
  CApath: none
Calls: pushover ... request_fetch -> request_fetch.write_memory -> <Anonymous>
Execution halted
